<?xml version="1.0" encoding="UTF-8"?>
<!-- Generated by org.testng.reporters.JUnitXMLReporter -->
<testsuite ignored="0" hostname="XFT000132772005" failures="0" tests="3" name="Test" time="80.147" errors="0" timestamp="2021-04-22T23:04:01 IST">
  <testcase classname="mavenProject.E2EProject.HomePage" name="homePageNavigation" time="23.011"/>
  <testcase classname="mavenProject.E2EProject.HomePage" name="homePageNavigation" time="25.655"/>
  <testcase classname="mavenProject.E2EProject.HomePageTitle" name="validateTitle" time="30.949"/>
</testsuite> <!-- Test -->
