<?xml version="1.0" encoding="UTF-8"?>
<!-- Generated by org.testng.reporters.JUnitXMLReporter -->
<testsuite ignored="0" hostname="XFT000132772005" failures="1" tests="1" name="Test2" time="14.342" errors="0" timestamp="2021-04-25T16:17:43 IST">
  <testcase classname="mavenProject.E2EProject.HomePageTitle" name="validateTitle" time="6.704">
    <failure type="java.lang.AssertionError" message="expected [FEATURED COURSES123] but found [FEATURED COURSES]">
      <![CDATA[java.lang.AssertionError: expected [FEATURED COURSES123] but found [FEATURED COURSES]
at mavenProject.E2EProject.HomePageTitle.validateTitle(HomePageTitle.java:36)
at java.base/java.util.ArrayList.forEach(ArrayList.java:1511)
... Removed 33 stack frames]]>
    </failure>
  </testcase> <!-- validateTitle -->
</testsuite> <!-- Test2 -->
