<?xml version="1.0" encoding="UTF-8"?>
<testng-results skipped="0" failed="0" ignored="0" total="3" passed="3">
  <reporter-output>
  </reporter-output>
  <suite name="Suite" duration-ms="33232" started-at="2021-04-24T20:04:30 IST" finished-at="2021-04-24T20:05:03 IST">
    <groups>
    </groups>
    <test name="Test1" duration-ms="20124" started-at="2021-04-24T20:04:30 IST" finished-at="2021-04-24T20:04:50 IST">
      <class name="mavenProject.E2EProject.HomePage">
        <test-method status="PASS" signature="initialize()[pri:0, instance:mavenProject.E2EProject.HomePage@7d8995e]" name="initialize" is-config="true" duration-ms="6244" started-at="2021-04-24T20:04:30 IST" finished-at="2021-04-24T20:04:36 IST">
          <reporter-output>
          </reporter-output>
        </test-method> <!-- initialize -->
        <test-method status="PASS" signature="homePageNavigation(java.lang.String,java.lang.String)[pri:0, instance:mavenProject.E2EProject.HomePage@7d8995e]" name="homePageNavigation" duration-ms="9012" started-at="2021-04-24T20:04:36 IST" data-provider="getData" finished-at="2021-04-24T20:04:45 IST">
          <params>
            <param index="0">
              <value>
                <![CDATA[user1@qq.qq]]>
              </value>
            </param>
            <param index="1">
              <value>
                <![CDATA[password1]]>
              </value>
            </param>
          </params>
          <reporter-output>
          </reporter-output>
        </test-method> <!-- homePageNavigation -->
        <test-method status="PASS" signature="homePageNavigation(java.lang.String,java.lang.String)[pri:0, instance:mavenProject.E2EProject.HomePage@7d8995e]" name="homePageNavigation" duration-ms="4541" started-at="2021-04-24T20:04:45 IST" data-provider="getData" finished-at="2021-04-24T20:04:50 IST">
          <params>
            <param index="0">
              <value>
                <![CDATA[user2@qq.qq]]>
              </value>
            </param>
            <param index="1">
              <value>
                <![CDATA[password2]]>
              </value>
            </param>
          </params>
          <reporter-output>
          </reporter-output>
        </test-method> <!-- homePageNavigation -->
        <test-method status="PASS" signature="teardown()[pri:0, instance:mavenProject.E2EProject.HomePage@7d8995e]" name="teardown" is-config="true" duration-ms="283" started-at="2021-04-24T20:04:50 IST" finished-at="2021-04-24T20:04:50 IST">
          <reporter-output>
          </reporter-output>
        </test-method> <!-- teardown -->
      </class> <!-- mavenProject.E2EProject.HomePage -->
    </test> <!-- Test1 -->
    <test name="Test2" duration-ms="13064" started-at="2021-04-24T20:04:50 IST" finished-at="2021-04-24T20:05:03 IST">
      <class name="mavenProject.E2EProject.HomePageTitle">
        <test-method status="PASS" signature="initialize()[pri:0, instance:mavenProject.E2EProject.HomePageTitle@76505305]" name="initialize" is-config="true" duration-ms="5910" started-at="2021-04-24T20:04:50 IST" finished-at="2021-04-24T20:04:56 IST">
          <reporter-output>
          </reporter-output>
        </test-method> <!-- initialize -->
        <test-method status="PASS" signature="validateTitle()[pri:0, instance:mavenProject.E2EProject.HomePageTitle@76505305]" name="validateTitle" duration-ms="6883" started-at="2021-04-24T20:04:56 IST" finished-at="2021-04-24T20:05:03 IST">
          <reporter-output>
          </reporter-output>
        </test-method> <!-- validateTitle -->
        <test-method status="PASS" signature="teardown()[pri:0, instance:mavenProject.E2EProject.HomePageTitle@76505305]" name="teardown" is-config="true" duration-ms="271" started-at="2021-04-24T20:05:03 IST" finished-at="2021-04-24T20:05:03 IST">
          <reporter-output>
          </reporter-output>
        </test-method> <!-- teardown -->
      </class> <!-- mavenProject.E2EProject.HomePageTitle -->
    </test> <!-- Test2 -->
  </suite> <!-- Suite -->
</testng-results>
